ERROR - 2025-09-13 05:04:39 --> Error connecting to the database: mysqli_sql_exception: Access denied for user 'vcstagin_ceed'@'localhost' (using password: YES) in C:\xampp\htdocs\ceed\system\Database\MySQLi\Connection.php:201
Stack trace:
#0 C:\xampp\htdocs\ceed\system\Database\MySQLi\Connection.php(201): mysqli->real_connect('localhost', 'vcstagin_ceed', Object(SensitiveParameterValue), 'vcstagin_ceed', 3306, '', 0)
#1 C:\xampp\htdocs\ceed\system\Database\BaseConnection.php(419): CodeIgniter\Database\MySQLi\Connection->connect(false)
#2 C:\xampp\htdocs\ceed\system\Database\BaseConnection.php(614): CodeIgniter\Database\BaseConnection->initialize()
#3 C:\xampp\htdocs\ceed\system\Database\BaseBuilder.php(1649): CodeIgniter\Database\BaseConnection->query('SELECT *\nFROM `...', Array, false)
#4 C:\xampp\htdocs\ceed\system\Model.php(330): CodeIgniter\Database\BaseBuilder->get()
#5 C:\xampp\htdocs\ceed\system\BaseModel.php(715): CodeIgniter\Model->doFirst()
#6 C:\xampp\htdocs\ceed\app\Models\admin\LoginModel.php(14): CodeIgniter\BaseModel->first()
#7 C:\xampp\htdocs\ceed\app\Controllers\admin\Login.php(21): App\Models\admin\LoginModel->checkLoginUser('admin@gmail.com', 'admin@123')
#8 C:\xampp\htdocs\ceed\system\CodeIgniter.php(933): App\Controllers\admin\Login->login()
#9 C:\xampp\htdocs\ceed\system\CodeIgniter.php(507): CodeIgniter\CodeIgniter->runController(Object(App\Controllers\admin\Login))
#10 C:\xampp\htdocs\ceed\system\CodeIgniter.php(354): CodeIgniter\CodeIgniter->handleRequest(NULL, Object(Config\Cache), false)
#11 C:\xampp\htdocs\ceed\system\Boot.php(363): CodeIgniter\CodeIgniter->run()
#12 C:\xampp\htdocs\ceed\system\Boot.php(68): CodeIgniter\Boot::runCodeIgniter(Object(CodeIgniter\CodeIgniter))
#13 C:\xampp\htdocs\ceed\index.php(59): CodeIgniter\Boot::bootWeb(Object(Config\Paths))
#14 {main}

Next CodeIgniter\Database\Exceptions\DatabaseException: Access denied for user '****'@'localhost' (using password: YES) in C:\xampp\htdocs\ceed\system\Database\MySQLi\Connection.php:246
Stack trace:
#0 C:\xampp\htdocs\ceed\system\Database\BaseConnection.php(419): CodeIgniter\Database\MySQLi\Connection->connect(false)
#1 C:\xampp\htdocs\ceed\system\Database\BaseConnection.php(614): CodeIgniter\Database\BaseConnection->initialize()
#2 C:\xampp\htdocs\ceed\system\Database\BaseBuilder.php(1649): CodeIgniter\Database\BaseConnection->query('SELECT *\nFROM `...', Array, false)
#3 C:\xampp\htdocs\ceed\system\Model.php(330): CodeIgniter\Database\BaseBuilder->get()
#4 C:\xampp\htdocs\ceed\system\BaseModel.php(715): CodeIgniter\Model->doFirst()
#5 C:\xampp\htdocs\ceed\app\Models\admin\LoginModel.php(14): CodeIgniter\BaseModel->first()
#6 C:\xampp\htdocs\ceed\app\Controllers\admin\Login.php(21): App\Models\admin\LoginModel->checkLoginUser('admin@gmail.com', 'admin@123')
#7 C:\xampp\htdocs\ceed\system\CodeIgniter.php(933): App\Controllers\admin\Login->login()
#8 C:\xampp\htdocs\ceed\system\CodeIgniter.php(507): CodeIgniter\CodeIgniter->runController(Object(App\Controllers\admin\Login))
#9 C:\xampp\htdocs\ceed\system\CodeIgniter.php(354): CodeIgniter\CodeIgniter->handleRequest(NULL, Object(Config\Cache), false)
#10 C:\xampp\htdocs\ceed\system\Boot.php(363): CodeIgniter\CodeIgniter->run()
#11 C:\xampp\htdocs\ceed\system\Boot.php(68): CodeIgniter\Boot::runCodeIgniter(Object(CodeIgniter\CodeIgniter))
#12 C:\xampp\htdocs\ceed\index.php(59): CodeIgniter\Boot::bootWeb(Object(Config\Paths))
#13 {main}
CRITICAL - 2025-09-13 05:04:39 --> CodeIgniter\Database\Exceptions\DatabaseException: Unable to connect to the database.
Main connection [MySQLi]: Access denied for user '****'@'localhost' (using password: YES)
[Method: POST, Route: admin/login]
in SYSTEMPATH\Database\BaseConnection.php on line 465.
 1 SYSTEMPATH\Database\BaseConnection.php(614): CodeIgniter\Database\BaseConnection->initialize()
 2 SYSTEMPATH\Database\BaseBuilder.php(1649): CodeIgniter\Database\BaseConnection->query('SELECT *
FROM `user`
WHERE `email` = :email:
 LIMIT 1', [...], false)
 3 SYSTEMPATH\Model.php(330): CodeIgniter\Database\BaseBuilder->get()
 4 SYSTEMPATH\BaseModel.php(715): CodeIgniter\Model->doFirst()
 5 APPPATH\Models\admin\LoginModel.php(14): CodeIgniter\BaseModel->first()
 6 APPPATH\Controllers\admin\Login.php(21): App\Models\admin\LoginModel->checkLoginUser('admin@gmail.com', 'admin@123')
 7 SYSTEMPATH\CodeIgniter.php(933): App\Controllers\admin\Login->login()
 8 SYSTEMPATH\CodeIgniter.php(507): CodeIgniter\CodeIgniter->runController(Object(App\Controllers\admin\Login))
 9 SYSTEMPATH\CodeIgniter.php(354): CodeIgniter\CodeIgniter->handleRequest(null, Object(Config\Cache), false)
10 SYSTEMPATH\Boot.php(363): CodeIgniter\CodeIgniter->run()
11 SYSTEMPATH\Boot.php(68): CodeIgniter\Boot::runCodeIgniter(Object(CodeIgniter\CodeIgniter))
12 FCPATH\index.php(59): CodeIgniter\Boot::bootWeb(Object(Config\Paths))
ERROR - 2025-09-13 05:04:49 --> Error connecting to the database: mysqli_sql_exception: Access denied for user 'vcstagin_ceed'@'localhost' (using password: YES) in C:\xampp\htdocs\ceed\system\Database\MySQLi\Connection.php:201
Stack trace:
#0 C:\xampp\htdocs\ceed\system\Database\MySQLi\Connection.php(201): mysqli->real_connect('localhost', 'vcstagin_ceed', Object(SensitiveParameterValue), 'vcstagin_ceed', 3306, '', 0)
#1 C:\xampp\htdocs\ceed\system\Database\BaseConnection.php(419): CodeIgniter\Database\MySQLi\Connection->connect(false)
#2 C:\xampp\htdocs\ceed\system\Database\BaseConnection.php(614): CodeIgniter\Database\BaseConnection->initialize()
#3 C:\xampp\htdocs\ceed\system\Database\BaseBuilder.php(1649): CodeIgniter\Database\BaseConnection->query('SELECT *\nFROM `...', Array, false)
#4 C:\xampp\htdocs\ceed\system\Model.php(330): CodeIgniter\Database\BaseBuilder->get()
#5 C:\xampp\htdocs\ceed\system\BaseModel.php(715): CodeIgniter\Model->doFirst()
#6 C:\xampp\htdocs\ceed\app\Models\admin\LoginModel.php(14): CodeIgniter\BaseModel->first()
#7 C:\xampp\htdocs\ceed\app\Controllers\admin\Login.php(21): App\Models\admin\LoginModel->checkLoginUser('admin@gmail.com', 'admin@123')
#8 C:\xampp\htdocs\ceed\system\CodeIgniter.php(933): App\Controllers\admin\Login->login()
#9 C:\xampp\htdocs\ceed\system\CodeIgniter.php(507): CodeIgniter\CodeIgniter->runController(Object(App\Controllers\admin\Login))
#10 C:\xampp\htdocs\ceed\system\CodeIgniter.php(354): CodeIgniter\CodeIgniter->handleRequest(NULL, Object(Config\Cache), false)
#11 C:\xampp\htdocs\ceed\system\Boot.php(363): CodeIgniter\CodeIgniter->run()
#12 C:\xampp\htdocs\ceed\system\Boot.php(68): CodeIgniter\Boot::runCodeIgniter(Object(CodeIgniter\CodeIgniter))
#13 C:\xampp\htdocs\ceed\index.php(59): CodeIgniter\Boot::bootWeb(Object(Config\Paths))
#14 {main}

Next CodeIgniter\Database\Exceptions\DatabaseException: Access denied for user '****'@'localhost' (using password: YES) in C:\xampp\htdocs\ceed\system\Database\MySQLi\Connection.php:246
Stack trace:
#0 C:\xampp\htdocs\ceed\system\Database\BaseConnection.php(419): CodeIgniter\Database\MySQLi\Connection->connect(false)
#1 C:\xampp\htdocs\ceed\system\Database\BaseConnection.php(614): CodeIgniter\Database\BaseConnection->initialize()
#2 C:\xampp\htdocs\ceed\system\Database\BaseBuilder.php(1649): CodeIgniter\Database\BaseConnection->query('SELECT *\nFROM `...', Array, false)
#3 C:\xampp\htdocs\ceed\system\Model.php(330): CodeIgniter\Database\BaseBuilder->get()
#4 C:\xampp\htdocs\ceed\system\BaseModel.php(715): CodeIgniter\Model->doFirst()
#5 C:\xampp\htdocs\ceed\app\Models\admin\LoginModel.php(14): CodeIgniter\BaseModel->first()
#6 C:\xampp\htdocs\ceed\app\Controllers\admin\Login.php(21): App\Models\admin\LoginModel->checkLoginUser('admin@gmail.com', 'admin@123')
#7 C:\xampp\htdocs\ceed\system\CodeIgniter.php(933): App\Controllers\admin\Login->login()
#8 C:\xampp\htdocs\ceed\system\CodeIgniter.php(507): CodeIgniter\CodeIgniter->runController(Object(App\Controllers\admin\Login))
#9 C:\xampp\htdocs\ceed\system\CodeIgniter.php(354): CodeIgniter\CodeIgniter->handleRequest(NULL, Object(Config\Cache), false)
#10 C:\xampp\htdocs\ceed\system\Boot.php(363): CodeIgniter\CodeIgniter->run()
#11 C:\xampp\htdocs\ceed\system\Boot.php(68): CodeIgniter\Boot::runCodeIgniter(Object(CodeIgniter\CodeIgniter))
#12 C:\xampp\htdocs\ceed\index.php(59): CodeIgniter\Boot::bootWeb(Object(Config\Paths))
#13 {main}
CRITICAL - 2025-09-13 05:04:49 --> CodeIgniter\Database\Exceptions\DatabaseException: Unable to connect to the database.
Main connection [MySQLi]: Access denied for user '****'@'localhost' (using password: YES)
[Method: POST, Route: admin/login]
in SYSTEMPATH\Database\BaseConnection.php on line 465.
 1 SYSTEMPATH\Database\BaseConnection.php(614): CodeIgniter\Database\BaseConnection->initialize()
 2 SYSTEMPATH\Database\BaseBuilder.php(1649): CodeIgniter\Database\BaseConnection->query('SELECT *
FROM `user`
WHERE `email` = :email:
 LIMIT 1', [...], false)
 3 SYSTEMPATH\Model.php(330): CodeIgniter\Database\BaseBuilder->get()
 4 SYSTEMPATH\BaseModel.php(715): CodeIgniter\Model->doFirst()
 5 APPPATH\Models\admin\LoginModel.php(14): CodeIgniter\BaseModel->first()
 6 APPPATH\Controllers\admin\Login.php(21): App\Models\admin\LoginModel->checkLoginUser('admin@gmail.com', 'admin@123')
 7 SYSTEMPATH\CodeIgniter.php(933): App\Controllers\admin\Login->login()
 8 SYSTEMPATH\CodeIgniter.php(507): CodeIgniter\CodeIgniter->runController(Object(App\Controllers\admin\Login))
 9 SYSTEMPATH\CodeIgniter.php(354): CodeIgniter\CodeIgniter->handleRequest(null, Object(Config\Cache), false)
10 SYSTEMPATH\Boot.php(363): CodeIgniter\CodeIgniter->run()
11 SYSTEMPATH\Boot.php(68): CodeIgniter\Boot::runCodeIgniter(Object(CodeIgniter\CodeIgniter))
12 FCPATH\index.php(59): CodeIgniter\Boot::bootWeb(Object(Config\Paths))
ERROR - 2025-09-13 05:05:01 --> Error connecting to the database: mysqli_sql_exception: Access denied for user 'vcstagin_ceed'@'localhost' (using password: YES) in C:\xampp\htdocs\ceed\system\Database\MySQLi\Connection.php:201
Stack trace:
#0 C:\xampp\htdocs\ceed\system\Database\MySQLi\Connection.php(201): mysqli->real_connect('localhost', 'vcstagin_ceed', Object(SensitiveParameterValue), 'vcstagin_ceed', 3306, '', 0)
#1 C:\xampp\htdocs\ceed\system\Database\BaseConnection.php(419): CodeIgniter\Database\MySQLi\Connection->connect(false)
#2 C:\xampp\htdocs\ceed\system\Database\BaseConnection.php(614): CodeIgniter\Database\BaseConnection->initialize()
#3 C:\xampp\htdocs\ceed\system\Database\BaseBuilder.php(1649): CodeIgniter\Database\BaseConnection->query('SELECT *\nFROM `...', Array, false)
#4 C:\xampp\htdocs\ceed\system\Model.php(330): CodeIgniter\Database\BaseBuilder->get()
#5 C:\xampp\htdocs\ceed\system\BaseModel.php(715): CodeIgniter\Model->doFirst()
#6 C:\xampp\htdocs\ceed\app\Models\admin\LoginModel.php(14): CodeIgniter\BaseModel->first()
#7 C:\xampp\htdocs\ceed\app\Controllers\admin\Login.php(21): App\Models\admin\LoginModel->checkLoginUser('admin@gmail.com', 'admin@123')
#8 C:\xampp\htdocs\ceed\system\CodeIgniter.php(933): App\Controllers\admin\Login->login()
#9 C:\xampp\htdocs\ceed\system\CodeIgniter.php(507): CodeIgniter\CodeIgniter->runController(Object(App\Controllers\admin\Login))
#10 C:\xampp\htdocs\ceed\system\CodeIgniter.php(354): CodeIgniter\CodeIgniter->handleRequest(NULL, Object(Config\Cache), false)
#11 C:\xampp\htdocs\ceed\system\Boot.php(363): CodeIgniter\CodeIgniter->run()
#12 C:\xampp\htdocs\ceed\system\Boot.php(68): CodeIgniter\Boot::runCodeIgniter(Object(CodeIgniter\CodeIgniter))
#13 C:\xampp\htdocs\ceed\index.php(59): CodeIgniter\Boot::bootWeb(Object(Config\Paths))
#14 {main}

Next CodeIgniter\Database\Exceptions\DatabaseException: Access denied for user '****'@'localhost' (using password: YES) in C:\xampp\htdocs\ceed\system\Database\MySQLi\Connection.php:246
Stack trace:
#0 C:\xampp\htdocs\ceed\system\Database\BaseConnection.php(419): CodeIgniter\Database\MySQLi\Connection->connect(false)
#1 C:\xampp\htdocs\ceed\system\Database\BaseConnection.php(614): CodeIgniter\Database\BaseConnection->initialize()
#2 C:\xampp\htdocs\ceed\system\Database\BaseBuilder.php(1649): CodeIgniter\Database\BaseConnection->query('SELECT *\nFROM `...', Array, false)
#3 C:\xampp\htdocs\ceed\system\Model.php(330): CodeIgniter\Database\BaseBuilder->get()
#4 C:\xampp\htdocs\ceed\system\BaseModel.php(715): CodeIgniter\Model->doFirst()
#5 C:\xampp\htdocs\ceed\app\Models\admin\LoginModel.php(14): CodeIgniter\BaseModel->first()
#6 C:\xampp\htdocs\ceed\app\Controllers\admin\Login.php(21): App\Models\admin\LoginModel->checkLoginUser('admin@gmail.com', 'admin@123')
#7 C:\xampp\htdocs\ceed\system\CodeIgniter.php(933): App\Controllers\admin\Login->login()
#8 C:\xampp\htdocs\ceed\system\CodeIgniter.php(507): CodeIgniter\CodeIgniter->runController(Object(App\Controllers\admin\Login))
#9 C:\xampp\htdocs\ceed\system\CodeIgniter.php(354): CodeIgniter\CodeIgniter->handleRequest(NULL, Object(Config\Cache), false)
#10 C:\xampp\htdocs\ceed\system\Boot.php(363): CodeIgniter\CodeIgniter->run()
#11 C:\xampp\htdocs\ceed\system\Boot.php(68): CodeIgniter\Boot::runCodeIgniter(Object(CodeIgniter\CodeIgniter))
#12 C:\xampp\htdocs\ceed\index.php(59): CodeIgniter\Boot::bootWeb(Object(Config\Paths))
#13 {main}
CRITICAL - 2025-09-13 05:05:01 --> CodeIgniter\Database\Exceptions\DatabaseException: Unable to connect to the database.
Main connection [MySQLi]: Access denied for user '****'@'localhost' (using password: YES)
[Method: POST, Route: admin/login]
in SYSTEMPATH\Database\BaseConnection.php on line 465.
 1 SYSTEMPATH\Database\BaseConnection.php(614): CodeIgniter\Database\BaseConnection->initialize()
 2 SYSTEMPATH\Database\BaseBuilder.php(1649): CodeIgniter\Database\BaseConnection->query('SELECT *
FROM `user`
WHERE `email` = :email:
 LIMIT 1', [...], false)
 3 SYSTEMPATH\Model.php(330): CodeIgniter\Database\BaseBuilder->get()
 4 SYSTEMPATH\BaseModel.php(715): CodeIgniter\Model->doFirst()
 5 APPPATH\Models\admin\LoginModel.php(14): CodeIgniter\BaseModel->first()
 6 APPPATH\Controllers\admin\Login.php(21): App\Models\admin\LoginModel->checkLoginUser('admin@gmail.com', 'admin@123')
 7 SYSTEMPATH\CodeIgniter.php(933): App\Controllers\admin\Login->login()
 8 SYSTEMPATH\CodeIgniter.php(507): CodeIgniter\CodeIgniter->runController(Object(App\Controllers\admin\Login))
 9 SYSTEMPATH\CodeIgniter.php(354): CodeIgniter\CodeIgniter->handleRequest(null, Object(Config\Cache), false)
10 SYSTEMPATH\Boot.php(363): CodeIgniter\CodeIgniter->run()
11 SYSTEMPATH\Boot.php(68): CodeIgniter\Boot::runCodeIgniter(Object(CodeIgniter\CodeIgniter))
12 FCPATH\index.php(59): CodeIgniter\Boot::bootWeb(Object(Config\Paths))
ERROR - 2025-09-13 05:05:19 --> Error connecting to the database: mysqli_sql_exception: Access denied for user 'vcstagin_ceed'@'localhost' (using password: YES) in C:\xampp\htdocs\ceed\system\Database\MySQLi\Connection.php:201
Stack trace:
#0 C:\xampp\htdocs\ceed\system\Database\MySQLi\Connection.php(201): mysqli->real_connect('localhost', 'vcstagin_ceed', Object(SensitiveParameterValue), 'vcstagin_ceed', 3306, '', 0)
#1 C:\xampp\htdocs\ceed\system\Database\BaseConnection.php(419): CodeIgniter\Database\MySQLi\Connection->connect(false)
#2 C:\xampp\htdocs\ceed\system\Database\BaseConnection.php(614): CodeIgniter\Database\BaseConnection->initialize()
#3 C:\xampp\htdocs\ceed\system\Database\BaseBuilder.php(1649): CodeIgniter\Database\BaseConnection->query('SELECT *\nFROM `...', Array, false)
#4 C:\xampp\htdocs\ceed\system\Model.php(330): CodeIgniter\Database\BaseBuilder->get()
#5 C:\xampp\htdocs\ceed\system\BaseModel.php(715): CodeIgniter\Model->doFirst()
#6 C:\xampp\htdocs\ceed\app\Models\admin\LoginModel.php(14): CodeIgniter\BaseModel->first()
#7 C:\xampp\htdocs\ceed\app\Controllers\admin\Login.php(21): App\Models\admin\LoginModel->checkLoginUser('admin@gmail.com', 'admin@123')
#8 C:\xampp\htdocs\ceed\system\CodeIgniter.php(933): App\Controllers\admin\Login->login()
#9 C:\xampp\htdocs\ceed\system\CodeIgniter.php(507): CodeIgniter\CodeIgniter->runController(Object(App\Controllers\admin\Login))
#10 C:\xampp\htdocs\ceed\system\CodeIgniter.php(354): CodeIgniter\CodeIgniter->handleRequest(NULL, Object(Config\Cache), false)
#11 C:\xampp\htdocs\ceed\system\Boot.php(363): CodeIgniter\CodeIgniter->run()
#12 C:\xampp\htdocs\ceed\system\Boot.php(68): CodeIgniter\Boot::runCodeIgniter(Object(CodeIgniter\CodeIgniter))
#13 C:\xampp\htdocs\ceed\index.php(59): CodeIgniter\Boot::bootWeb(Object(Config\Paths))
#14 {main}

Next CodeIgniter\Database\Exceptions\DatabaseException: Access denied for user '****'@'localhost' (using password: YES) in C:\xampp\htdocs\ceed\system\Database\MySQLi\Connection.php:246
Stack trace:
#0 C:\xampp\htdocs\ceed\system\Database\BaseConnection.php(419): CodeIgniter\Database\MySQLi\Connection->connect(false)
#1 C:\xampp\htdocs\ceed\system\Database\BaseConnection.php(614): CodeIgniter\Database\BaseConnection->initialize()
#2 C:\xampp\htdocs\ceed\system\Database\BaseBuilder.php(1649): CodeIgniter\Database\BaseConnection->query('SELECT *\nFROM `...', Array, false)
#3 C:\xampp\htdocs\ceed\system\Model.php(330): CodeIgniter\Database\BaseBuilder->get()
#4 C:\xampp\htdocs\ceed\system\BaseModel.php(715): CodeIgniter\Model->doFirst()
#5 C:\xampp\htdocs\ceed\app\Models\admin\LoginModel.php(14): CodeIgniter\BaseModel->first()
#6 C:\xampp\htdocs\ceed\app\Controllers\admin\Login.php(21): App\Models\admin\LoginModel->checkLoginUser('admin@gmail.com', 'admin@123')
#7 C:\xampp\htdocs\ceed\system\CodeIgniter.php(933): App\Controllers\admin\Login->login()
#8 C:\xampp\htdocs\ceed\system\CodeIgniter.php(507): CodeIgniter\CodeIgniter->runController(Object(App\Controllers\admin\Login))
#9 C:\xampp\htdocs\ceed\system\CodeIgniter.php(354): CodeIgniter\CodeIgniter->handleRequest(NULL, Object(Config\Cache), false)
#10 C:\xampp\htdocs\ceed\system\Boot.php(363): CodeIgniter\CodeIgniter->run()
#11 C:\xampp\htdocs\ceed\system\Boot.php(68): CodeIgniter\Boot::runCodeIgniter(Object(CodeIgniter\CodeIgniter))
#12 C:\xampp\htdocs\ceed\index.php(59): CodeIgniter\Boot::bootWeb(Object(Config\Paths))
#13 {main}
CRITICAL - 2025-09-13 05:05:19 --> CodeIgniter\Database\Exceptions\DatabaseException: Unable to connect to the database.
Main connection [MySQLi]: Access denied for user '****'@'localhost' (using password: YES)
[Method: POST, Route: admin/login]
in SYSTEMPATH\Database\BaseConnection.php on line 465.
 1 SYSTEMPATH\Database\BaseConnection.php(614): CodeIgniter\Database\BaseConnection->initialize()
 2 SYSTEMPATH\Database\BaseBuilder.php(1649): CodeIgniter\Database\BaseConnection->query('SELECT *
FROM `user`
WHERE `email` = :email:
 LIMIT 1', [...], false)
 3 SYSTEMPATH\Model.php(330): CodeIgniter\Database\BaseBuilder->get()
 4 SYSTEMPATH\BaseModel.php(715): CodeIgniter\Model->doFirst()
 5 APPPATH\Models\admin\LoginModel.php(14): CodeIgniter\BaseModel->first()
 6 APPPATH\Controllers\admin\Login.php(21): App\Models\admin\LoginModel->checkLoginUser('admin@gmail.com', 'admin@123')
 7 SYSTEMPATH\CodeIgniter.php(933): App\Controllers\admin\Login->login()
 8 SYSTEMPATH\CodeIgniter.php(507): CodeIgniter\CodeIgniter->runController(Object(App\Controllers\admin\Login))
 9 SYSTEMPATH\CodeIgniter.php(354): CodeIgniter\CodeIgniter->handleRequest(null, Object(Config\Cache), false)
10 SYSTEMPATH\Boot.php(363): CodeIgniter\CodeIgniter->run()
11 SYSTEMPATH\Boot.php(68): CodeIgniter\Boot::runCodeIgniter(Object(CodeIgniter\CodeIgniter))
12 FCPATH\index.php(59): CodeIgniter\Boot::bootWeb(Object(Config\Paths))
CRITICAL - 2025-09-13 08:48:23 --> ErrorException: Undefined variable $data
[Method: GET, Route: /]
in APPPATH\Controllers\Home.php on line 13.
 1 APPPATH\Controllers\Home.php(13): CodeIgniter\Debug\Exceptions->errorHandler(2, 'Undefined variable $data', 'C:\\xampp\\htdocs\\ceed\\app\\Controllers\\Home.php', 13)
 2 SYSTEMPATH\CodeIgniter.php(933): App\Controllers\Home->index()
 3 SYSTEMPATH\CodeIgniter.php(507): CodeIgniter\CodeIgniter->runController(Object(App\Controllers\Home))
 4 SYSTEMPATH\CodeIgniter.php(354): CodeIgniter\CodeIgniter->handleRequest(null, Object(Config\Cache), false)
 5 SYSTEMPATH\Boot.php(363): CodeIgniter\CodeIgniter->run()
 6 SYSTEMPATH\Boot.php(68): CodeIgniter\Boot::runCodeIgniter(Object(CodeIgniter\CodeIgniter))
 7 FCPATH\index.php(59): CodeIgniter\Boot::bootWeb(Object(Config\Paths))
