CRITICAL - 2025-09-11 05:09:22 --> ErrorException: Undefined variable $template
[Method: GET, Route: admin/dashboard]
in APPPATH\Controllers\admin\Dashboard.php on line 20.
 1 APPPATH\Controllers\admin\Dashboard.php(20): CodeIgniter\Debug\Exceptions->errorHandler(2, 'Undefined variable $template', 'C:\\xampp\\htdocs\\ceed\\app\\Controllers\\admin\\Dashboard.php', 20)
 2 SYSTEMPATH\CodeIgniter.php(933): App\Controllers\admin\Dashboard->index()
 3 SYSTEMPATH\CodeIgniter.php(507): CodeIgniter\CodeIgniter->runController(Object(App\Controllers\admin\Dashboard))
 4 SYSTEMPATH\CodeIgniter.php(354): CodeIgniter\CodeIgniter->handleRequest(null, Object(Config\Cache), false)
 5 SYSTEMPATH\Boot.php(363): CodeIgniter\CodeIgniter->run()
 6 SYSTEMPATH\Boot.php(68): CodeIgniter\Boot::runCodeIgniter(Object(CodeIgniter\CodeIgniter))
 7 FCPATH\index.php(59): CodeIgniter\Boot::bootWeb(Object(Config\Paths))
CRITICAL - 2025-09-11 05:09:25 --> ErrorException: Undefined variable $template
[Method: GET, Route: admin/dashboard]
in APPPATH\Controllers\admin\Dashboard.php on line 20.
 1 APPPATH\Controllers\admin\Dashboard.php(20): CodeIgniter\Debug\Exceptions->errorHandler(2, 'Undefined variable $template', 'C:\\xampp\\htdocs\\ceed\\app\\Controllers\\admin\\Dashboard.php', 20)
 2 SYSTEMPATH\CodeIgniter.php(933): App\Controllers\admin\Dashboard->index()
 3 SYSTEMPATH\CodeIgniter.php(507): CodeIgniter\CodeIgniter->runController(Object(App\Controllers\admin\Dashboard))
 4 SYSTEMPATH\CodeIgniter.php(354): CodeIgniter\CodeIgniter->handleRequest(null, Object(Config\Cache), false)
 5 SYSTEMPATH\Boot.php(363): CodeIgniter\CodeIgniter->run()
 6 SYSTEMPATH\Boot.php(68): CodeIgniter\Boot::runCodeIgniter(Object(CodeIgniter\CodeIgniter))
 7 FCPATH\index.php(59): CodeIgniter\Boot::bootWeb(Object(Config\Paths))
CRITICAL - 2025-09-11 05:20:50 --> Error: Undefined constant "ASSET_PATH"
[Method: GET, Route: admin/dashboard]
in APPPATH\Views\admin\common\header.php on line 12.
 1 SYSTEMPATH\View\View.php(226): include()
 2 SYSTEMPATH\View\View.php(229): CodeIgniter\View\View->CodeIgniter\View\{closure}()
 3 SYSTEMPATH\Common.php(1167): CodeIgniter\View\View->render('admin/common/header', [], true)
 4 APPPATH\Controllers\admin\Dashboard.php(16): view('admin/common/header')
 5 SYSTEMPATH\CodeIgniter.php(933): App\Controllers\admin\Dashboard->index()
 6 SYSTEMPATH\CodeIgniter.php(507): CodeIgniter\CodeIgniter->runController(Object(App\Controllers\admin\Dashboard))
 7 SYSTEMPATH\CodeIgniter.php(354): CodeIgniter\CodeIgniter->handleRequest(null, Object(Config\Cache), false)
 8 SYSTEMPATH\Boot.php(363): CodeIgniter\CodeIgniter->run()
 9 SYSTEMPATH\Boot.php(68): CodeIgniter\Boot::runCodeIgniter(Object(CodeIgniter\CodeIgniter))
10 FCPATH\index.php(59): CodeIgniter\Boot::bootWeb(Object(Config\Paths))
